2025-11-12 13:33:08,088 - INFO - 🚀 Starting Bus Tracker Photo Population
2025-11-12 13:33:08,089 - INFO - ======================================================================
2025-11-12 13:33:08,090 - INFO - 📄 Using database backup: /app/backend/backups/seed_backup_20251112_0613.json
2025-11-12 13:33:08,097 - INFO - 📊 Database contains:
2025-11-12 13:33:08,098 - INFO -    • 20 students
2025-11-12 13:33:08,098 - INFO -    • 17 users
2025-11-12 13:33:08,098 - INFO - 
👨‍🎓 Populating student photos...
2025-11-12 13:33:08,100 - INFO -    ⏭️  Skipped (exists): Emma Johnson - 9afb783f-7952-476d-8626-0143fdbbc2a1
2025-11-12 13:33:08,102 - INFO -    ⏭️  Skipped (exists): Liam Smith - 477b0b0a-57dc-4c53-a152-6dd05aa880c7
2025-11-12 13:33:08,103 - INFO -    ⏭️  Skipped (exists): Sophia Brown - 57dd9986-cc25-4fb9-93cf-2e8c5eb0fc81
2025-11-12 13:33:08,109 - INFO -    ⏭️  Skipped (exists): Noah Davis - f4b78a3a-b1b1-4d18-b219-8f8aa4d4d1c0
2025-11-12 13:33:08,110 - INFO -    ⏭️  Skipped (exists): Olivia Martinez - 37b9b83b-49a8-4100-96d3-e10a591c3ab9
2025-11-12 13:33:08,111 - INFO -    ⏭️  Skipped (exists): Ethan Wilson - 82c7d8ea-a75b-4f11-8a62-c605767c4f7a
2025-11-12 13:33:08,111 - INFO -    ⏭️  Skipped (exists): Ava Taylor - 5aaffb9e-cca8-44ef-ba63-4068f02fa69d
2025-11-12 13:33:08,112 - INFO -    ⏭️  Skipped (exists): Mason Garcia - 7f2a6c73-7168-46a9-b210-ee5bf257ef3d
2025-11-12 13:33:08,113 - INFO -    ⏭️  Skipped (exists): Isabella Rodriguez - 00233116-2efb-4e58-8de3-49c86ad023ef
2025-11-12 13:33:08,115 - INFO -    ⏭️  Skipped (exists): Lucas Lee - 4c750fba-8f0e-4a67-a58a-1534ed410134
2025-11-12 13:33:08,117 - INFO -    ⏭️  Skipped (exists): Mia Harris - 0c405f57-f6e4-4249-9a52-764e74c6514b
2025-11-12 13:33:08,119 - INFO -    ⏭️  Skipped (exists): Benjamin Clark - 5a950ac7-db67-406e-b0f8-5b40b8c0cfb3
2025-11-12 13:33:08,121 - INFO -    ⏭️  Skipped (exists): Charlotte Lewis - 84f8e0d6-e110-45ea-ad3a-0c7118cdf2ad
2025-11-12 13:33:08,124 - INFO -    ⏭️  Skipped (exists): James Walker - 8e39fb75-d08b-412d-8c49-3a2734cc082a
2025-11-12 13:33:08,126 - INFO -    ⏭️  Skipped (exists): Mia Hall - 44ff223b-da78-449f-afc3-4f12cdfbfb1f
2025-11-12 13:33:08,128 - INFO -    ⏭️  Skipped (exists): Alexander Lee - 72575429-b9a7-421d-b7fd-d981c491cfe3
2025-11-12 13:33:08,128 - INFO -    ⏭️  Skipped (exists): Harper Harris - ee0d55ce-b870-4257-aba6-b02d735b9651
2025-11-12 13:33:08,128 - INFO -    ⏭️  Skipped (exists): Evelyn Clark - 9c6988b7-9780-4cda-bcb3-3a68a8776948
2025-11-12 13:33:08,128 - INFO -    ⏭️  Skipped (exists): Henry Clark - 54a28e13-5586-4052-b0bf-dd6268616339
2025-11-12 13:33:08,129 - INFO -    ⏭️  Skipped (exists): Sebastian Lewis - 7bbbf83d-917c-4678-a92a-cdbc8d83d16c
2025-11-12 13:33:08,129 - INFO - ✅ Student photos: 0 generated, 20 existing
2025-11-12 13:33:08,129 - INFO - 
👥 Populating user role photos...
2025-11-12 13:33:08,129 - INFO -    📸 Generating photo for admin: James Anderson - 55b426f6-d039-4c7b-9b20-a4c09af39eec
2025-11-12 13:33:09,624 - INFO - ✓ Downloaded: /app/backend/photos/admins/55b426f6-d039-4c7b-9b20-a4c09af39eec.jpg
2025-11-12 13:33:11,627 - INFO -    📸 Generating photo for admin: Patricia Williams - fcdbb6fa-732a-4214-bf2a-d623ca5e6253
2025-11-12 13:33:12,977 - INFO - ✓ Downloaded: /app/backend/photos/admins/fcdbb6fa-732a-4214-bf2a-d623ca5e6253.jpg
2025-11-12 13:33:14,980 - INFO -    📸 Generating photo for teacher: Mary Johnson - 6d0e882e-5161-4a95-a6ff-3f45f5ac3265
2025-11-12 13:33:16,004 - INFO - ✓ Downloaded: /app/backend/photos/teachers/6d0e882e-5161-4a95-a6ff-3f45f5ac3265.jpg
2025-11-12 13:33:18,010 - INFO -    📸 Generating photo for teacher: Robert Smith - f4846153-2feb-4f65-aad5-5f1d673779f0
2025-11-12 13:33:18,994 - INFO - ✓ Downloaded: /app/backend/photos/teachers/f4846153-2feb-4f65-aad5-5f1d673779f0.jpg
2025-11-12 13:33:20,996 - INFO -    📸 Generating photo for teacher: Sarah Wilson - 15635048-a709-42fe-9c8b-741cad3254ff
2025-11-12 13:33:22,064 - INFO - ✓ Downloaded: /app/backend/photos/teachers/15635048-a709-42fe-9c8b-741cad3254ff.jpg
2025-11-12 13:33:24,141 - INFO -    📸 Generating photo for parent: John Parent - f8bdc585-52a8-4d0f-8808-6a0393ecba61
2025-11-12 13:33:25,097 - INFO - ✓ Downloaded: /app/backend/photos/parents/f8bdc585-52a8-4d0f-8808-6a0393ecba61.jpg
2025-11-12 13:33:27,099 - INFO -    📸 Generating photo for parent: Sarah Brown - bf8225ce-1892-49ca-b527-2b758c96b770
2025-11-12 13:33:28,526 - INFO - ✓ Downloaded: /app/backend/photos/parents/bf8225ce-1892-49ca-b527-2b758c96b770.jpg
2025-11-12 13:33:30,532 - INFO -    📸 Generating photo for parent: Michael Davis - 05b23308-d849-4464-bd6c-e08ad5d11f50
2025-11-12 13:33:30,985 - INFO - ✓ Downloaded: /app/backend/photos/parents/05b23308-d849-4464-bd6c-e08ad5d11f50.jpg
2025-11-12 13:33:32,987 - INFO -    📸 Generating photo for parent: Emily Martinez - 042c1090-7f48-47a0-b4c2-7268d490eca1
2025-11-12 13:33:34,276 - INFO - ✓ Downloaded: /app/backend/photos/parents/042c1090-7f48-47a0-b4c2-7268d490eca1.jpg
2025-11-12 13:33:36,278 - INFO -    📸 Generating photo for parent: David Wilson - a75e9970-c2b6-46c5-b17a-b8ce4fbeea3d
2025-11-12 13:33:37,250 - INFO - ✓ Downloaded: /app/backend/photos/parents/a75e9970-c2b6-46c5-b17a-b8ce4fbeea3d.jpg
2025-11-12 13:33:39,253 - INFO -    📸 Generating photo for parent: Jennifer Taylor - dd20d0fc-6453-48e2-b1c4-1b2a4079472a
2025-11-12 13:33:40,395 - INFO - ✓ Downloaded: /app/backend/photos/parents/dd20d0fc-6453-48e2-b1c4-1b2a4079472a.jpg
2025-11-12 13:33:42,403 - INFO -    📸 Generating photo for parent: Christopher Garcia - d477138f-9233-4f48-a2c5-3299b09dc4bc
2025-11-12 13:33:43,720 - INFO - ✓ Downloaded: /app/backend/photos/parents/d477138f-9233-4f48-a2c5-3299b09dc4bc.jpg
2025-11-12 13:33:45,723 - INFO -    📸 Generating photo for parent: Amanda Rodriguez - ee1df7d3-887a-4ba4-8042-49f785e80d4c
2025-11-12 13:33:46,663 - INFO - ✓ Downloaded: /app/backend/photos/parents/ee1df7d3-887a-4ba4-8042-49f785e80d4c.jpg
2025-11-12 13:33:48,668 - INFO -    📸 Generating photo for parent: Matthew Lee - e3c681c7-d861-4d8c-9868-1ff23e8e48f3
2025-11-12 13:33:50,109 - INFO - ✓ Downloaded: /app/backend/photos/parents/e3c681c7-d861-4d8c-9868-1ff23e8e48f3.jpg
2025-11-12 13:33:52,112 - INFO -    📸 Generating photo for parent: Jessica Harris - 8c321d1d-44a5-4a35-ae55-632d885f8b74
2025-11-12 13:33:53,114 - INFO - ✓ Downloaded: /app/backend/photos/parents/8c321d1d-44a5-4a35-ae55-632d885f8b74.jpg
2025-11-12 13:33:55,117 - INFO -    📸 Generating photo for parent: Daniel Clark - 67b4503f-f717-4830-8ac4-04d261a6d80f
2025-11-12 13:33:56,145 - INFO - ✓ Downloaded: /app/backend/photos/parents/67b4503f-f717-4830-8ac4-04d261a6d80f.jpg
2025-11-12 13:33:58,154 - INFO -    📸 Generating photo for parent: Lisa Lewis - 1da4bc7e-a364-4e64-a487-be1df17033c1
2025-11-12 13:33:59,257 - INFO - ✓ Downloaded: /app/backend/photos/parents/1da4bc7e-a364-4e64-a487-be1df17033c1.jpg
2025-11-12 13:34:01,261 - INFO - ✅ Parents: 12 generated, 0 existing
2025-11-12 13:34:01,262 - INFO - ✅ Teachers: 3 generated, 0 existing
2025-11-12 13:34:01,262 - INFO - ✅ Admins: 2 generated, 0 existing
2025-11-12 13:34:01,262 - INFO - 
💾 Updating database backup with photo paths...
2025-11-12 13:34:01,272 - INFO - ✅ Database updated: 20 students, 17 users
2025-11-12 13:34:01,273 - INFO - 
🔍 Validating photo structure...
2025-11-12 13:34:01,274 - INFO - 📄 Using database backup: /app/backend/backups/seed_backup_20251112_0613.json
2025-11-12 13:34:01,277 - INFO - ✅ All required photos and folders present
2025-11-12 13:34:01,277 - INFO - 
======================================================================
2025-11-12 13:34:01,278 - INFO - 📊 PHOTO POPULATION SUMMARY
2025-11-12 13:34:01,278 - INFO - ======================================================================
2025-11-12 13:34:01,285 - INFO - 
📸 Photos by Role:
2025-11-12 13:34:01,286 - INFO -    • Students: 20 profile photos
2025-11-12 13:34:01,286 - INFO -    • Parents: 12 photos
2025-11-12 13:34:01,286 - INFO -    • Teachers: 3 photos
2025-11-12 13:34:01,287 - INFO -    • Admins: 2 photos
2025-11-12 13:34:01,287 - INFO - 
📁 Structure:
2025-11-12 13:34:01,288 - INFO -    • Attendance folders: 20
2025-11-12 13:34:01,288 - INFO - 
======================================================================
2025-11-12 13:34:01,288 - INFO - ✅ PHOTO POPULATION COMPLETE
2025-11-12 13:34:01,289 - INFO - ======================================================================
2025-11-12 13:34:01,289 - INFO - 
💡 Log file: /app/backend/logs/photo_maker.log
2025-11-12 13:34:01,289 - INFO - 🎉 Photo population completed successfully!
