2025-11-12 13:36:09,315 - INFO - 🚀 Starting Photo Organization Cleanup & Validation
2025-11-12 13:36:09,316 - INFO - ======================================================================
2025-11-12 13:36:09,317 - INFO - 
🔍 Validating Complete Photo Structure...
2025-11-12 13:36:09,321 - INFO - 
======================================================================
2025-11-12 13:36:09,321 - INFO - 📊 VALIDATION REPORT
2025-11-12 13:36:09,321 - INFO - ======================================================================
2025-11-12 13:36:09,321 - INFO - 
👨‍🎓 Students:
2025-11-12 13:36:09,322 - INFO -    • Total: 20
2025-11-12 13:36:09,322 - INFO -    • With Photos: 20
2025-11-12 13:36:09,322 - INFO -    • Missing Photos: 0
2025-11-12 13:36:09,322 - INFO - 
👪 Parents:
2025-11-12 13:36:09,322 - INFO -    • Total: 12
2025-11-12 13:36:09,322 - INFO -    • With Photos: 12
2025-11-12 13:36:09,322 - INFO -    • Missing Photos: 0
2025-11-12 13:36:09,322 - INFO - 
👨‍🏫 Teachers:
2025-11-12 13:36:09,322 - INFO -    • Total: 3
2025-11-12 13:36:09,322 - INFO -    • With Photos: 3
2025-11-12 13:36:09,322 - INFO -    • Missing Photos: 0
2025-11-12 13:36:09,322 - INFO - 
👔 Admins:
2025-11-12 13:36:09,323 - INFO -    • Total: 2
2025-11-12 13:36:09,323 - INFO -    • With Photos: 2
2025-11-12 13:36:09,323 - INFO -    • Missing Photos: 0
2025-11-12 13:36:09,323 - INFO - 
📁 Attendance Folders:
2025-11-12 13:36:09,324 - INFO -    • Total: 20
2025-11-12 13:36:09,324 - INFO -    • Missing: 0
2025-11-12 13:36:09,324 - INFO - 
💾 Database Fields:
2025-11-12 13:36:09,324 - INFO -    • Students with photo_path: 20
2025-11-12 13:36:09,324 - INFO -    • Users with photo_path: 17
2025-11-12 13:36:09,325 - INFO - 
✅ All validations passed!
2025-11-12 13:36:09,325 - INFO - ======================================================================
2025-11-12 13:36:09,325 - INFO - 
🔍 Checking for orphaned photos...
2025-11-12 13:36:09,328 - INFO - ✅ No orphaned photos found
2025-11-12 13:36:09,328 - INFO - 
======================================================================
2025-11-12 13:36:09,329 - INFO - 🎉 PHOTO POPULATION & CLEANUP SUMMARY
2025-11-12 13:36:09,329 - INFO - ======================================================================
2025-11-12 13:36:09,344 - INFO - 
📸 Total Photos: 37
2025-11-12 13:36:09,345 - INFO -    • Students: 20 profiles
2025-11-12 13:36:09,345 - INFO -    • Parents: 12 photos
2025-11-12 13:36:09,345 - INFO -    • Teachers: 3 photos
2025-11-12 13:36:09,345 - INFO -    • Admins: 2 photos
2025-11-12 13:36:09,345 - INFO - 
📁 Structure:
2025-11-12 13:36:09,345 - INFO -    • Attendance folders: 20
2025-11-12 13:36:09,345 - INFO -    • Total storage: 20.11 MB
2025-11-12 13:36:09,345 - INFO - 
💾 Storage by Role:
2025-11-12 13:36:09,345 - INFO -    • Students: 10.86 MB
2025-11-12 13:36:09,346 - INFO -    • Parents: 6.48 MB
2025-11-12 13:36:09,346 - INFO -    • Teachers: 1.67 MB
2025-11-12 13:36:09,347 - INFO -    • Admins: 1.09 MB
2025-11-12 13:36:09,347 - INFO - 
📚 Documentation:
2025-11-12 13:36:09,347 - INFO -    • Essential docs maintained: 8/8
2025-11-12 13:36:09,347 - INFO - 
======================================================================
2025-11-12 13:36:09,347 - INFO - ✅ ALL PHOTOS POPULATED & VALIDATED
2025-11-12 13:36:09,347 - INFO - ======================================================================
2025-11-12 13:36:09,347 - INFO - 
💡 Detailed log: /app/backend/logs/photo_cleanup.log
2025-11-12 13:36:09,347 - INFO - 🎉 Cleanup & validation completed successfully!
